# JRE version: Java(TM) SE Runtime Environment (7.0_40-b43) (build 1.7.0_40-b43)
# Java VM: Java HotSpot(TM) Client VM (24.0-b56 mixed mode linux-x86 )
Heap
 def new generation   total 4800K, used 3377K [0xa0cc0000, 0xa11f0000, 0xa60c0000)
  eden space 4288K,  66% used [0xa0cc0000, 0xa0f8c710, 0xa10f0000)
  from space 512K, 100% used [0xa10f0000, 0xa1170000, 0xa1170000)
  to   space 512K,   0% used [0xa1170000, 0xa1170000, 0xa11f0000)
 tenured generation   total 10752K, used 2961K [0xa60c0000, 0xa6b40000, 0xb08c0000)
   the space 10752K,  27% used [0xa60c0000, 0xa63a47f0, 0xa63a4800, 0xa6b40000)
 compacting perm gen  total 12288K, used 6246K [0xb08c0000, 0xb14c0000, 0xb48c0000)
   the space 12288K,  50% used [0xb08c0000, 0xb0ed99b0, 0xb0ed9a00, 0xb14c0000)
GC Heap History (10 events):
Event: 3.133 GC heap before
{Heap before GC invocations=7 (full 0):
 def new generation   total 4800K, used 4676K [0xa0cc0000, 0xa11f0000, 0xa60c0000)
  eden space 4288K, 100% used [0xa0cc0000, 0xa10f0000, 0xa10f0000)
  from space 512K,  75% used [0xa1170000, 0xa11d1048, 0xa11f0000)
  to   space 512K,   0% used [0xa10f0000, 0xa10f0000, 0xa1170000)
 tenured generation   total 10752K, used 1795K [0xa60c0000, 0xa6b40000, 0xb08c0000)
   the space 10752K,  16% used [0xa60c0000, 0xa6280c58, 0xa6280e00, 0xa6b40000)
 compacting perm gen  total 12288K, used 4941K [0xb08c0000, 0xb14c0000, 0xb48c0000)
   the space 12288K,  40% used [0xb08c0000, 0xb0d937e8, 0xb0d93800, 0xb14c0000)
No shared spaces configured.
Event: 3.135 GC heap after
Heap after GC invocations=8 (full 0):
 def new generation   total 4800K, used 512K [0xa0cc0000, 0xa11f0000, 0xa60c0000)
  eden space 4288K,   0% used [0xa0cc0000, 0xa0cc0000, 0xa10f0000)
  from space 512K, 100% used [0xa10f0000, 0xa1170000, 0xa1170000)
  to   space 512K,   0% used [0xa1170000, 0xa1170000, 0xa11f0000)
 tenured generation   total 10752K, used 2069K [0xa60c0000, 0xa6b40000, 0xb08c0000)
   the space 10752K,  19% used [0xa60c0000, 0xa62c54f8, 0xa62c5600, 0xa6b40000)
 compacting perm gen  total 12288K, used 4941K [0xb08c0000, 0xb14c0000, 0xb48c0000)
   the space 12288K,  40% used [0xb08c0000, 0xb0d937e8, 0xb0d93800, 0xb14c0000)
No shared spaces configured.
}
Event: 3.562 GC heap before
{Heap before GC invocations=8 (full 0):
 def new generation   total 4800K, used 4800K [0xa0cc0000, 0xa11f0000, 0xa60c0000)
  eden space 4288K, 100% used [0xa0cc0000, 0xa10f0000, 0xa10f0000)
  from space 512K, 100% used [0xa10f0000, 0xa1170000, 0xa1170000)
  to   space 512K,   0% used [0xa1170000, 0xa1170000, 0xa11f0000)
 tenured generation   total 10752K, used 2069K [0xa60c0000, 0xa6b40000, 0xb08c0000)
   the space 10752K,  19% used [0xa60c0000, 0xa62c54f8, 0xa62c5600, 0xa6b40000)
 compacting perm gen  total 12288K, used 5557K [0xb08c0000, 0xb14c0000, 0xb48c0000)
   the space 12288K,  45% used [0xb08c0000, 0xb0e2d4e0, 0xb0e2d600, 0xb14c0000)
No shared spaces configured.
Event: 3.564 GC heap after
Heap after GC invocations=9 (full 0):
 def new generation   total 4800K, used 406K [0xa0cc0000, 0xa11f0000, 0xa60c0000)
  eden space 4288K,   0% used [0xa0cc0000, 0xa0cc0000, 0xa10f0000)
  from space 512K,  79% used [0xa1170000, 0xa11d58f0, 0xa11f0000)
  to   space 512K,   0% used [0xa10f0000, 0xa10f0000, 0xa1170000)
 tenured generation   total 10752K, used 2178K [0xa60c0000, 0xa6b40000, 0xb08c0000)
   the space 10752K,  20% used [0xa60c0000, 0xa62e0840, 0xa62e0a00, 0xa6b40000)
 compacting perm gen  total 12288K, used 5557K [0xb08c0000, 0xb14c0000, 0xb48c0000)
   the space 12288K,  45% used [0xb08c0000, 0xb0e2d4e0, 0xb0e2d600, 0xb14c0000)
No shared spaces configured.
}
Event: 3.730 GC heap before
{Heap before GC invocations=9 (full 0):
 def new generation   total 4800K, used 4694K [0xa0cc0000, 0xa11f0000, 0xa60c0000)
  eden space 4288K, 100% used [0xa0cc0000, 0xa10f0000, 0xa10f0000)
  from space 512K,  79% used [0xa1170000, 0xa11d58f0, 0xa11f0000)
  to   space 512K,   0% used [0xa10f0000, 0xa10f0000, 0xa1170000)
 tenured generation   total 10752K, used 2178K [0xa60c0000, 0xa6b40000, 0xb08c0000)
   the space 10752K,  20% used [0xa60c0000, 0xa62e0840, 0xa62e0a00, 0xa6b40000)
 compacting perm gen  total 12288K, used 5707K [0xb08c0000, 0xb14c0000, 0xb48c0000)
   the space 12288K,  46% used [0xb08c0000, 0xb0e52ef8, 0xb0e53000, 0xb14c0000)
No shared spaces configured.
Event: 3.732 GC heap after
Heap after GC invocations=10 (full 0):
 def new generation   total 4800K, used 511K [0xa0cc0000, 0xa11f0000, 0xa60c0000)
  eden space 4288K,   0% used [0xa0cc0000, 0xa0cc0000, 0xa10f0000)
  from space 512K,  99% used [0xa10f0000, 0xa116ffe0, 0xa1170000)
  to   space 512K,   0% used [0xa1170000, 0xa1170000, 0xa11f0000)
 tenured generation   total 10752K, used 2329K [0xa60c0000, 0xa6b40000, 0xb08c0000)
   the space 10752K,  21% used [0xa60c0000, 0xa6306710, 0xa6306800, 0xa6b40000)
 compacting perm gen  total 12288K, used 5707K [0xb08c0000, 0xb14c0000, 0xb48c0000)
   the space 12288K,  46% used [0xb08c0000, 0xb0e52ef8, 0xb0e53000, 0xb14c0000)
No shared spaces configured.
}
Event: 4.139 GC heap before
{Heap before GC invocations=10 (full 0):
 def new generation   total 4800K, used 4799K [0xa0cc0000, 0xa11f0000, 0xa60c0000)
  eden space 4288K, 100% used [0xa0cc0000, 0xa10f0000, 0xa10f0000)
  from space 512K,  99% used [0xa10f0000, 0xa116ffe0, 0xa1170000)
  to   space 512K,   0% used [0xa1170000, 0xa1170000, 0xa11f0000)
 tenured generation   total 10752K, used 2329K [0xa60c0000, 0xa6b40000, 0xb08c0000)
   the space 10752K,  21% used [0xa60c0000, 0xa6306710, 0xa6306800, 0xa6b40000)
 compacting perm gen  total 12288K, used 5964K [0xb08c0000, 0xb14c0000, 0xb48c0000)
   the space 12288K,  48% used [0xb08c0000, 0xb0e93350, 0xb0e93400, 0xb14c0000)
No shared spaces configured.
Event: 4.158 GC heap after
Heap after GC invocations=11 (full 0):
 def new generation   total 4800K, used 403K [0xa0cc0000, 0xa11f0000, 0xa60c0000)
  eden space 4288K,   0% used [0xa0cc0000, 0xa0cc0000, 0xa10f0000)
  from space 512K,  78% used [0xa1170000, 0xa11d4e58, 0xa11f0000)
  to   space 512K,   0% used [0xa10f0000, 0xa10f0000, 0xa1170000)
 tenured generation   total 10752K, used 2499K [0xa60c0000, 0xa6b40000, 0xb08c0000)
   the space 10752K,  23% used [0xa60c0000, 0xa6330ea8, 0xa6331000, 0xa6b40000)
 compacting perm gen  total 12288K, used 5964K [0xb08c0000, 0xb14c0000, 0xb48c0000)
   the space 12288K,  48% used [0xb08c0000, 0xb0e93350, 0xb0e93400, 0xb14c0000)
No shared spaces configured.
}
Event: 4.351 GC heap before
{Heap before GC invocations=11 (full 0):
 def new generation   total 4800K, used 4691K [0xa0cc0000, 0xa11f0000, 0xa60c0000)
  eden space 4288K, 100% used [0xa0cc0000, 0xa10f0000, 0xa10f0000)
  from space 512K,  78% used [0xa1170000, 0xa11d4e58, 0xa11f0000)
  to   space 512K,   0% used [0xa10f0000, 0xa10f0000, 0xa1170000)
 tenured generation   total 10752K, used 2499K [0xa60c0000, 0xa6b40000, 0xb08c0000)
   the space 10752K,  23% used [0xa60c0000, 0xa6330ea8, 0xa6331000, 0xa6b40000)
 compacting perm gen  total 12288K, used 6179K [0xb08c0000, 0xb14c0000, 0xb48c0000)
   the space 12288K,  50% used [0xb08c0000, 0xb0ec8db8, 0xb0ec8e00, 0xb14c0000)
No shared spaces configured.
Event: 4.357 GC heap after
Heap after GC invocations=12 (full 0):
 def new generation   total 4800K, used 512K [0xa0cc0000, 0xa11f0000, 0xa60c0000)
  eden space 4288K,   0% used [0xa0cc0000, 0xa0cc0000, 0xa10f0000)
  from space 512K, 100% used [0xa10f0000, 0xa1170000, 0xa1170000)
  to   space 512K,   0% used [0xa1170000, 0xa1170000, 0xa11f0000)
 tenured generation   total 10752K, used 2961K [0xa60c0000, 0xa6b40000, 0xb08c0000)
   the space 10752K,  27% used [0xa60c0000, 0xa63a47f0, 0xa63a4800, 0xa6b40000)
 compacting perm gen  total 12288K, used 6179K [0xb08c0000, 0xb14c0000, 0xb48c0000)
   the space 12288K,  50% used [0xb08c0000, 0xb0ec8db8, 0xb0ec8e00, 0xb14c0000)
No shared spaces configured.
}

