# JRE version: Java(TM) SE Runtime Environment (7.0_40-b43) (build 1.7.0_40-b43)
# Java VM: Java HotSpot(TM) Client VM (24.0-b56 mixed mode linux-x86 )
Heap
 def new generation   total 4800K, used 3374K [0xa0ce0000, 0xa1210000, 0xa60e0000)
  eden space 4288K,  66% used [0xa0ce0000, 0xa0fabb60, 0xa1110000)
  from space 512K, 100% used [0xa1110000, 0xa1190000, 0xa1190000)
  to   space 512K,   0% used [0xa1190000, 0xa1190000, 0xa1210000)
 tenured generation   total 10752K, used 2958K [0xa60e0000, 0xa6b60000, 0xb08e0000)
   the space 10752K,  27% used [0xa60e0000, 0xa63c3b38, 0xa63c3c00, 0xa6b60000)
 compacting perm gen  total 12288K, used 6246K [0xb08e0000, 0xb14e0000, 0xb48e0000)
   the space 12288K,  50% used [0xb08e0000, 0xb0ef99c0, 0xb0ef9a00, 0xb14e0000)
GC Heap History (10 events):
Event: 2.410 GC heap before
{Heap before GC invocations=7 (full 0):
 def new generation   total 4800K, used 4677K [0xa0ce0000, 0xa1210000, 0xa60e0000)
  eden space 4288K, 100% used [0xa0ce0000, 0xa1110000, 0xa1110000)
  from space 512K,  76% used [0xa1190000, 0xa11f1538, 0xa1210000)
  to   space 512K,   0% used [0xa1110000, 0xa1110000, 0xa1190000)
 tenured generation   total 10752K, used 1795K [0xa60e0000, 0xa6b60000, 0xb08e0000)
   the space 10752K,  16% used [0xa60e0000, 0xa62a0c58, 0xa62a0e00, 0xa6b60000)
 compacting perm gen  total 12288K, used 4941K [0xb08e0000, 0xb14e0000, 0xb48e0000)
   the space 12288K,  40% used [0xb08e0000, 0xb0db37e8, 0xb0db3800, 0xb14e0000)
No shared spaces configured.
Event: 2.412 GC heap after
Heap after GC invocations=8 (full 0):
 def new generation   total 4800K, used 512K [0xa0ce0000, 0xa1210000, 0xa60e0000)
  eden space 4288K,   0% used [0xa0ce0000, 0xa0ce0000, 0xa1110000)
  from space 512K, 100% used [0xa1110000, 0xa1190000, 0xa1190000)
  to   space 512K,   0% used [0xa1190000, 0xa1190000, 0xa1210000)
 tenured generation   total 10752K, used 2068K [0xa60e0000, 0xa6b60000, 0xb08e0000)
   the space 10752K,  19% used [0xa60e0000, 0xa62e5078, 0xa62e5200, 0xa6b60000)
 compacting perm gen  total 12288K, used 4941K [0xb08e0000, 0xb14e0000, 0xb48e0000)
   the space 12288K,  40% used [0xb08e0000, 0xb0db37e8, 0xb0db3800, 0xb14e0000)
No shared spaces configured.
}
Event: 2.911 GC heap before
{Heap before GC invocations=8 (full 0):
 def new generation   total 4800K, used 4800K [0xa0ce0000, 0xa1210000, 0xa60e0000)
  eden space 4288K, 100% used [0xa0ce0000, 0xa1110000, 0xa1110000)
  from space 512K, 100% used [0xa1110000, 0xa1190000, 0xa1190000)
  to   space 512K,   0% used [0xa1190000, 0xa1190000, 0xa1210000)
 tenured generation   total 10752K, used 2068K [0xa60e0000, 0xa6b60000, 0xb08e0000)
   the space 10752K,  19% used [0xa60e0000, 0xa62e5078, 0xa62e5200, 0xa6b60000)
 compacting perm gen  total 12288K, used 5557K [0xb08e0000, 0xb14e0000, 0xb48e0000)
   the space 12288K,  45% used [0xb08e0000, 0xb0e4d4e0, 0xb0e4d600, 0xb14e0000)
No shared spaces configured.
Event: 2.913 GC heap after
Heap after GC invocations=9 (full 0):
 def new generation   total 4800K, used 406K [0xa0ce0000, 0xa1210000, 0xa60e0000)
  eden space 4288K,   0% used [0xa0ce0000, 0xa0ce0000, 0xa1110000)
  from space 512K,  79% used [0xa1190000, 0xa11f5898, 0xa1210000)
  to   space 512K,   0% used [0xa1110000, 0xa1110000, 0xa1190000)
 tenured generation   total 10752K, used 2176K [0xa60e0000, 0xa6b60000, 0xb08e0000)
   the space 10752K,  20% used [0xa60e0000, 0xa63003c8, 0xa6300400, 0xa6b60000)
 compacting perm gen  total 12288K, used 5557K [0xb08e0000, 0xb14e0000, 0xb48e0000)
   the space 12288K,  45% used [0xb08e0000, 0xb0e4d4e0, 0xb0e4d600, 0xb14e0000)
No shared spaces configured.
}
Event: 3.141 GC heap before
{Heap before GC invocations=9 (full 0):
 def new generation   total 4800K, used 4694K [0xa0ce0000, 0xa1210000, 0xa60e0000)
  eden space 4288K, 100% used [0xa0ce0000, 0xa1110000, 0xa1110000)
  from space 512K,  79% used [0xa1190000, 0xa11f5898, 0xa1210000)
  to   space 512K,   0% used [0xa1110000, 0xa1110000, 0xa1190000)
 tenured generation   total 10752K, used 2176K [0xa60e0000, 0xa6b60000, 0xb08e0000)
   the space 10752K,  20% used [0xa60e0000, 0xa63003c8, 0xa6300400, 0xa6b60000)
 compacting perm gen  total 12288K, used 5707K [0xb08e0000, 0xb14e0000, 0xb48e0000)
   the space 12288K,  46% used [0xb08e0000, 0xb0e72ef8, 0xb0e73000, 0xb14e0000)
No shared spaces configured.
Event: 3.142 GC heap after
Heap after GC invocations=10 (full 0):
 def new generation   total 4800K, used 511K [0xa0ce0000, 0xa1210000, 0xa60e0000)
  eden space 4288K,   0% used [0xa0ce0000, 0xa0ce0000, 0xa1110000)
  from space 512K,  99% used [0xa1110000, 0xa118ffd0, 0xa1190000)
  to   space 512K,   0% used [0xa1190000, 0xa1190000, 0xa1210000)
 tenured generation   total 10752K, used 2327K [0xa60e0000, 0xa6b60000, 0xb08e0000)
   the space 10752K,  21% used [0xa60e0000, 0xa6325ca0, 0xa6325e00, 0xa6b60000)
 compacting perm gen  total 12288K, used 5707K [0xb08e0000, 0xb14e0000, 0xb48e0000)
   the space 12288K,  46% used [0xb08e0000, 0xb0e72ef8, 0xb0e73000, 0xb14e0000)
No shared spaces configured.
}
Event: 3.581 GC heap before
{Heap before GC invocations=10 (full 0):
 def new generation   total 4800K, used 4799K [0xa0ce0000, 0xa1210000, 0xa60e0000)
  eden space 4288K, 100% used [0xa0ce0000, 0xa1110000, 0xa1110000)
  from space 512K,  99% used [0xa1110000, 0xa118ffd0, 0xa1190000)
  to   space 512K,   0% used [0xa1190000, 0xa1190000, 0xa1210000)
 tenured generation   total 10752K, used 2327K [0xa60e0000, 0xa6b60000, 0xb08e0000)
   the space 10752K,  21% used [0xa60e0000, 0xa6325ca0, 0xa6325e00, 0xa6b60000)
 compacting perm gen  total 12288K, used 5964K [0xb08e0000, 0xb14e0000, 0xb48e0000)
   the space 12288K,  48% used [0xb08e0000, 0xb0eb3360, 0xb0eb3400, 0xb14e0000)
No shared spaces configured.
Event: 3.583 GC heap after
Heap after GC invocations=11 (full 0):
 def new generation   total 4800K, used 403K [0xa0ce0000, 0xa1210000, 0xa60e0000)
  eden space 4288K,   0% used [0xa0ce0000, 0xa0ce0000, 0xa1110000)
  from space 512K,  78% used [0xa1190000, 0xa11f4db0, 0xa1210000)
  to   space 512K,   0% used [0xa1110000, 0xa1110000, 0xa1190000)
 tenured generation   total 10752K, used 2497K [0xa60e0000, 0xa6b60000, 0xb08e0000)
   the space 10752K,  23% used [0xa60e0000, 0xa6350438, 0xa6350600, 0xa6b60000)
 compacting perm gen  total 12288K, used 5964K [0xb08e0000, 0xb14e0000, 0xb48e0000)
   the space 12288K,  48% used [0xb08e0000, 0xb0eb3360, 0xb0eb3400, 0xb14e0000)
No shared spaces configured.
}
Event: 3.745 GC heap before
{Heap before GC invocations=11 (full 0):
 def new generation   total 4800K, used 4691K [0xa0ce0000, 0xa1210000, 0xa60e0000)
  eden space 4288K, 100% used [0xa0ce0000, 0xa1110000, 0xa1110000)
  from space 512K,  78% used [0xa1190000, 0xa11f4db0, 0xa1210000)
  to   space 512K,   0% used [0xa1110000, 0xa1110000, 0xa1190000)
 tenured generation   total 10752K, used 2497K [0xa60e0000, 0xa6b60000, 0xb08e0000)
   the space 10752K,  23% used [0xa60e0000, 0xa6350438, 0xa6350600, 0xa6b60000)
 compacting perm gen  total 12288K, used 6179K [0xb08e0000, 0xb14e0000, 0xb48e0000)
   the space 12288K,  50% used [0xb08e0000, 0xb0ee8dc8, 0xb0ee8e00, 0xb14e0000)
No shared spaces configured.
Event: 3.746 GC heap after
Heap after GC invocations=12 (full 0):
 def new generation   total 4800K, used 512K [0xa0ce0000, 0xa1210000, 0xa60e0000)
  eden space 4288K,   0% used [0xa0ce0000, 0xa0ce0000, 0xa1110000)
  from space 512K, 100% used [0xa1110000, 0xa1190000, 0xa1190000)
  to   space 512K,   0% used [0xa1190000, 0xa1190000, 0xa1210000)
 tenured generation   total 10752K, used 2958K [0xa60e0000, 0xa6b60000, 0xb08e0000)
   the space 10752K,  27% used [0xa60e0000, 0xa63c3b38, 0xa63c3c00, 0xa6b60000)
 compacting perm gen  total 12288K, used 6179K [0xb08e0000, 0xb14e0000, 0xb48e0000)
   the space 12288K,  50% used [0xb08e0000, 0xb0ee8dc8, 0xb0ee8e00, 0xb14e0000)
No shared spaces configured.
}

