# JRE version: Java(TM) SE Runtime Environment (7.0_40-b43) (build 1.7.0_40-b43)
# Java VM: Java HotSpot(TM) Client VM (24.0-b56 mixed mode linux-x86 )
Heap
 def new generation   total 4800K, used 3382K [0xa0cc0000, 0xa11f0000, 0xa60c0000)
  eden space 4288K,  66% used [0xa0cc0000, 0xa0f8d990, 0xa10f0000)
  from space 512K, 100% used [0xa10f0000, 0xa1170000, 0xa1170000)
  to   space 512K,   0% used [0xa1170000, 0xa1170000, 0xa11f0000)
 tenured generation   total 10752K, used 2952K [0xa60c0000, 0xa6b40000, 0xb08c0000)
   the space 10752K,  27% used [0xa60c0000, 0xa63a2140, 0xa63a2200, 0xa6b40000)
 compacting perm gen  total 12288K, used 6246K [0xb08c0000, 0xb14c0000, 0xb48c0000)
   the space 12288K,  50% used [0xb08c0000, 0xb0ed9980, 0xb0ed9a00, 0xb14c0000)
GC Heap History (10 events):
Event: 3.024 GC heap before
{Heap before GC invocations=7 (full 0):
 def new generation   total 4800K, used 4677K [0xa0cc0000, 0xa11f0000, 0xa60c0000)
  eden space 4288K, 100% used [0xa0cc0000, 0xa10f0000, 0xa10f0000)
  from space 512K,  76% used [0xa1170000, 0xa11d1538, 0xa11f0000)
  to   space 512K,   0% used [0xa10f0000, 0xa10f0000, 0xa1170000)
 tenured generation   total 10752K, used 1795K [0xa60c0000, 0xa6b40000, 0xb08c0000)
   the space 10752K,  16% used [0xa60c0000, 0xa6280c58, 0xa6280e00, 0xa6b40000)
 compacting perm gen  total 12288K, used 4941K [0xb08c0000, 0xb14c0000, 0xb48c0000)
   the space 12288K,  40% used [0xb08c0000, 0xb0d937d8, 0xb0d93800, 0xb14c0000)
No shared spaces configured.
Event: 3.037 GC heap after
Heap after GC invocations=8 (full 0):
 def new generation   total 4800K, used 512K [0xa0cc0000, 0xa11f0000, 0xa60c0000)
  eden space 4288K,   0% used [0xa0cc0000, 0xa0cc0000, 0xa10f0000)
  from space 512K, 100% used [0xa10f0000, 0xa1170000, 0xa1170000)
  to   space 512K,   0% used [0xa1170000, 0xa1170000, 0xa11f0000)
 tenured generation   total 10752K, used 2067K [0xa60c0000, 0xa6b40000, 0xb08c0000)
   the space 10752K,  19% used [0xa60c0000, 0xa62c4fe8, 0xa62c5000, 0xa6b40000)
 compacting perm gen  total 12288K, used 4941K [0xb08c0000, 0xb14c0000, 0xb48c0000)
   the space 12288K,  40% used [0xb08c0000, 0xb0d937d8, 0xb0d93800, 0xb14c0000)
No shared spaces configured.
}
Event: 3.478 GC heap before
{Heap before GC invocations=8 (full 0):
 def new generation   total 4800K, used 4800K [0xa0cc0000, 0xa11f0000, 0xa60c0000)
  eden space 4288K, 100% used [0xa0cc0000, 0xa10f0000, 0xa10f0000)
  from space 512K, 100% used [0xa10f0000, 0xa1170000, 0xa1170000)
  to   space 512K,   0% used [0xa1170000, 0xa1170000, 0xa11f0000)
 tenured generation   total 10752K, used 2067K [0xa60c0000, 0xa6b40000, 0xb08c0000)
   the space 10752K,  19% used [0xa60c0000, 0xa62c4fe8, 0xa62c5000, 0xa6b40000)
 compacting perm gen  total 12288K, used 5557K [0xb08c0000, 0xb14c0000, 0xb48c0000)
   the space 12288K,  45% used [0xb08c0000, 0xb0e2d490, 0xb0e2d600, 0xb14c0000)
No shared spaces configured.
Event: 3.480 GC heap after
Heap after GC invocations=9 (full 0):
 def new generation   total 4800K, used 406K [0xa0cc0000, 0xa11f0000, 0xa60c0000)
  eden space 4288K,   0% used [0xa0cc0000, 0xa0cc0000, 0xa10f0000)
  from space 512K,  79% used [0xa1170000, 0xa11d58f0, 0xa11f0000)
  to   space 512K,   0% used [0xa10f0000, 0xa10f0000, 0xa1170000)
 tenured generation   total 10752K, used 2176K [0xa60c0000, 0xa6b40000, 0xb08c0000)
   the space 10752K,  20% used [0xa60c0000, 0xa62e0338, 0xa62e0400, 0xa6b40000)
 compacting perm gen  total 12288K, used 5557K [0xb08c0000, 0xb14c0000, 0xb48c0000)
   the space 12288K,  45% used [0xb08c0000, 0xb0e2d490, 0xb0e2d600, 0xb14c0000)
No shared spaces configured.
}
Event: 3.646 GC heap before
{Heap before GC invocations=9 (full 0):
 def new generation   total 4800K, used 4694K [0xa0cc0000, 0xa11f0000, 0xa60c0000)
  eden space 4288K, 100% used [0xa0cc0000, 0xa10f0000, 0xa10f0000)
  from space 512K,  79% used [0xa1170000, 0xa11d58f0, 0xa11f0000)
  to   space 512K,   0% used [0xa10f0000, 0xa10f0000, 0xa1170000)
 tenured generation   total 10752K, used 2176K [0xa60c0000, 0xa6b40000, 0xb08c0000)
   the space 10752K,  20% used [0xa60c0000, 0xa62e0338, 0xa62e0400, 0xa6b40000)
 compacting perm gen  total 12288K, used 5707K [0xb08c0000, 0xb14c0000, 0xb48c0000)
   the space 12288K,  46% used [0xb08c0000, 0xb0e52ee8, 0xb0e53000, 0xb14c0000)
No shared spaces configured.
Event: 3.647 GC heap after
Heap after GC invocations=10 (full 0):
 def new generation   total 4800K, used 511K [0xa0cc0000, 0xa11f0000, 0xa60c0000)
  eden space 4288K,   0% used [0xa0cc0000, 0xa0cc0000, 0xa10f0000)
  from space 512K,  99% used [0xa10f0000, 0xa116ff60, 0xa1170000)
  to   space 512K,   0% used [0xa1170000, 0xa1170000, 0xa11f0000)
 tenured generation   total 10752K, used 2325K [0xa60c0000, 0xa6b40000, 0xb08c0000)
   the space 10752K,  21% used [0xa60c0000, 0xa6305520, 0xa6305600, 0xa6b40000)
 compacting perm gen  total 12288K, used 5707K [0xb08c0000, 0xb14c0000, 0xb48c0000)
   the space 12288K,  46% used [0xb08c0000, 0xb0e52ee8, 0xb0e53000, 0xb14c0000)
No shared spaces configured.
}
Event: 4.071 GC heap before
{Heap before GC invocations=10 (full 0):
 def new generation   total 4800K, used 4799K [0xa0cc0000, 0xa11f0000, 0xa60c0000)
  eden space 4288K, 100% used [0xa0cc0000, 0xa10f0000, 0xa10f0000)
  from space 512K,  99% used [0xa10f0000, 0xa116ff60, 0xa1170000)
  to   space 512K,   0% used [0xa1170000, 0xa1170000, 0xa11f0000)
 tenured generation   total 10752K, used 2325K [0xa60c0000, 0xa6b40000, 0xb08c0000)
   the space 10752K,  21% used [0xa60c0000, 0xa6305520, 0xa6305600, 0xa6b40000)
 compacting perm gen  total 12288K, used 5964K [0xb08c0000, 0xb14c0000, 0xb48c0000)
   the space 12288K,  48% used [0xb08c0000, 0xb0e93310, 0xb0e93400, 0xb14c0000)
No shared spaces configured.
Event: 4.074 GC heap after
Heap after GC invocations=11 (full 0):
 def new generation   total 4800K, used 403K [0xa0cc0000, 0xa11f0000, 0xa60c0000)
  eden space 4288K,   0% used [0xa0cc0000, 0xa0cc0000, 0xa10f0000)
  from space 512K,  78% used [0xa1170000, 0xa11d4da8, 0xa11f0000)
  to   space 512K,   0% used [0xa10f0000, 0xa10f0000, 0xa1170000)
 tenured generation   total 10752K, used 2495K [0xa60c0000, 0xa6b40000, 0xb08c0000)
   the space 10752K,  23% used [0xa60c0000, 0xa632fcb8, 0xa632fe00, 0xa6b40000)
 compacting perm gen  total 12288K, used 5964K [0xb08c0000, 0xb14c0000, 0xb48c0000)
   the space 12288K,  48% used [0xb08c0000, 0xb0e93310, 0xb0e93400, 0xb14c0000)
No shared spaces configured.
}
Event: 4.273 GC heap before
{Heap before GC invocations=11 (full 0):
 def new generation   total 4800K, used 4691K [0xa0cc0000, 0xa11f0000, 0xa60c0000)
  eden space 4288K, 100% used [0xa0cc0000, 0xa10f0000, 0xa10f0000)
  from space 512K,  78% used [0xa1170000, 0xa11d4da8, 0xa11f0000)
  to   space 512K,   0% used [0xa10f0000, 0xa10f0000, 0xa1170000)
 tenured generation   total 10752K, used 2495K [0xa60c0000, 0xa6b40000, 0xb08c0000)
   the space 10752K,  23% used [0xa60c0000, 0xa632fcb8, 0xa632fe00, 0xa6b40000)
 compacting perm gen  total 12288K, used 6179K [0xb08c0000, 0xb14c0000, 0xb48c0000)
   the space 12288K,  50% used [0xb08c0000, 0xb0ec8d88, 0xb0ec8e00, 0xb14c0000)
No shared spaces configured.
Event: 4.275 GC heap after
Heap after GC invocations=12 (full 0):
 def new generation   total 4800K, used 512K [0xa0cc0000, 0xa11f0000, 0xa60c0000)
  eden space 4288K,   0% used [0xa0cc0000, 0xa0cc0000, 0xa10f0000)
  from space 512K, 100% used [0xa10f0000, 0xa1170000, 0xa1170000)
  to   space 512K,   0% used [0xa1170000, 0xa1170000, 0xa11f0000)
 tenured generation   total 10752K, used 2952K [0xa60c0000, 0xa6b40000, 0xb08c0000)
   the space 10752K,  27% used [0xa60c0000, 0xa63a2140, 0xa63a2200, 0xa6b40000)
 compacting perm gen  total 12288K, used 6179K [0xb08c0000, 0xb14c0000, 0xb48c0000)
   the space 12288K,  50% used [0xb08c0000, 0xb0ec8d88, 0xb0ec8e00, 0xb14c0000)
No shared spaces configured.
}

